info it worked if it ends with ok
verbose cli [ 'node', '/usr/bin/npm', 'install' ]
info using npm@1.1.24
info using node@v0.6.19
verbose /usr/bin/node node symlink
verbose config file /home/tehdrama/.npmrc
verbose config file /usr/etc/npmrc
verbose config file /usr/lib/nodejs/npm/npmrc
ERR! Couldn't read dependencies.
ERR! Failed to parse json
ERR! Unexpected token <
ERR! File: /home/tehdrama/Work/mouseed-cu/package.json
ERR! JSON.parse Failed to parse package.json data.
ERR! JSON.parse package.json must be actual JSON, not just JavaScript.
ERR! JSON.parse This is not a bug in npm.
ERR! JSON.parse Tell the package author to fix their package.json file.
ERR! 
ERR! System Linux 3.2.0-25-generic
ERR! command "node" "/usr/bin/npm" "install"
ERR! cwd /home/tehdrama/Work/mouseed-cu
ERR! node -v v0.6.19
ERR! npm -v 1.1.24
ERR! file /home/tehdrama/Work/mouseed-cu/package.json
ERR! code EJSONPARSE
ERR! message Failed to parse json
ERR! message Unexpected token <
ERR! errno {}
verbose exit [ 1, true ]
